<?xml version="1.0" encoding="UTF-8"?>
<!-- Generated by org.testng.reporters.JUnitReportReporter -->
<testsuite hostname="ReetuReddy" name="com.MercuryTour.Test.HomePageTest" tests="6" failures="0" timestamp="17 Jul 2019 08:17:11 GMT" time="46.170" errors="0">
  <testcase name="navigateCruisePage" time="7.819" classname="com.MercuryTour.Test.HomePageTest"/>
  <testcase name="validatePageTitle" time="9.457" classname="com.MercuryTour.Test.HomePageTest"/>
  <testcase name="navigateSignOnPage" time="7.041" classname="com.MercuryTour.Test.HomePageTest"/>
  <testcase name="validatePageURL" time="6.677" classname="com.MercuryTour.Test.HomePageTest"/>
  <testcase name="navigateFlightPage" time="7.674" classname="com.MercuryTour.Test.HomePageTest"/>
  <testcase name="navigateRegisterPage" time="7.502" classname="com.MercuryTour.Test.HomePageTest"/>
</testsuite> <!-- com.MercuryTour.Test.HomePageTest -->
